<?xml version="1.0" encoding="UTF-8"?>
<!-- Generated by org.testng.reporters.JUnitReportReporter -->
<testsuite skipped="0" hostname="DESKTOP-G33UR62" name="testAutomation.WebBroswerTest" tests="2" failures="0" timestamp="2020-08-06T08:20:18 IST" time="4.181" errors="0">
  <testcase name="Logout" time="1.181" classname="testAutomation.WebBroswerTest"/>
  <system-out/>
  <testcase name="Login" time="3.000" classname="testAutomation.WebBroswerTest"/>
  <system-out/>
</testsuite> <!-- testAutomation.WebBroswerTest -->
